sin consola

autocannon -c 100 -d 20 http://localhost:8080/info                                             
Running 20s test @ http://localhost:8080/info
100 connections


┌─────────┬────────┬────────┬────────┬────────┬───────────┬──────────┬────────┐
│ Stat    │ 2.5%   │ 50%    │ 97.5%  │ 99%    │ Avg       │ Stdev    │ Max    │
├─────────┼────────┼────────┼────────┼────────┼───────────┼──────────┼────────┤
│ Latency │ 131 ms │ 191 ms │ 333 ms │ 364 ms │ 202.61 ms │ 54.94 ms │ 572 ms │
└─────────┴────────┴────────┴────────┴────────┴───────────┴──────────┴────────┘
┌───────────┬────────┬────────┬────────┬────────┬────────┬─────────┬────────┐
│ Stat      │ 1%     │ 2.5%   │ 50%    │ 97.5%  │ Avg    │ Stdev   │ Min    │
├───────────┼────────┼────────┼────────┼────────┼────────┼─────────┼────────┤
│ Req/Sec   │ 362    │ 362    │ 487    │ 609    │ 490.6  │ 74.67   │ 362    │
├───────────┼────────┼────────┼────────┼────────┼────────┼─────────┼────────┤
│ Bytes/Sec │ 200 kB │ 200 kB │ 269 kB │ 337 kB │ 271 kB │ 41.4 kB │ 200 kB │
└───────────┴────────┴────────┴────────┴────────┴────────┴─────────┴────────┘

Req/Bytes counts sampled once per second.
# of samples: 20

10k requests in 20.08s, 5.43 MB read

con consola

autocannon -c 100 -d 20 http://localhost:8080/info2
Running 20s test @ http://localhost:8080/info2
100 connections


┌─────────┬───────┬────────┬────────┬────────┬───────────┬───────────┬────────┐
│ Stat    │ 2.5%  │ 50%    │ 97.5%  │ 99%    │ Avg       │ Stdev     │ Max    │
├─────────┼───────┼────────┼────────┼────────┼───────────┼───────────┼────────┤
│ Latency │ 73 ms │ 169 ms │ 449 ms │ 499 ms │ 210.25 ms │ 120.37 ms │ 783 ms │
└─────────┴───────┴────────┴────────┴────────┴───────────┴───────────┴────────┘
┌───────────┬────────┬────────┬────────┬────────┬────────┬────────┬────────┐
│ Stat      │ 1%     │ 2.5%   │ 50%    │ 97.5%  │ Avg    │ Stdev  │ Min    │
├───────────┼────────┼────────┼────────┼────────┼────────┼────────┼────────┤
│ Req/Sec   │ 228    │ 228    │ 343    │ 1127   │ 473.7  │ 268.94 │ 228    │
├───────────┼────────┼────────┼────────┼────────┼────────┼────────┼────────┤
│ Bytes/Sec │ 126 kB │ 126 kB │ 190 kB │ 624 kB │ 262 kB │ 149 kB │ 126 kB │
└───────────┴────────┴────────┴────────┴────────┴────────┴────────┴────────┘

Req/Bytes counts sampled once per second.
# of samples: 20

10k requests in 20.08s, 5.24 MB read